{"/home/tereze/repos/senior/an-hour-for-an-hour/server/index.ts": {"path":"/home/tereze/repos/senior/an-hour-for-an-hour/server/index.ts","statementMap":{"0":{"start":{"line":1,"column":0},"end":{"line":1,"column":67}},"1":{"start":{"line":2,"column":0},"end":{"line":2,"column":24}},"2":{"start":{"line":3,"column":0},"end":{"line":3,"column":37}},"3":{"start":{"line":4,"column":0},"end":{"line":4,"column":30}},"4":{"start":{"line":15,"column":12},"end":{"line":15,"column":21}},"5":{"start":{"line":16,"column":13},"end":{"line":16,"column":17}},"6":{"start":{"line":18,"column":37},"end":{"line":40,"column":2}},"7":{"start":{"line":42,"column":0},"end":{"line":42,"column":26}},"8":{"start":{"line":45,"column":0},"end":{"line":45,"column":52}},"9":{"start":{"line":48,"column":0},"end":{"line":48,"column":27}},"10":{"start":{"line":49,"column":0},"end":{"line":49,"column":16}},"11":{"start":{"line":51,"column":0},"end":{"line":53,"column":3}},"12":{"start":{"line":52,"column":2},"end":{"line":52,"column":50}},"13":{"start":{"line":56,"column":0},"end":{"line":56,"column":19}}},"fnMap":{"0":{"name":"(anonymous_1)","decl":{"start":{"line":51,"column":17},"end":{"line":51,"column":20}},"loc":{"start":{"line":51,"column":22},"end":{"line":53,"column":1}}}},"branchMap":{},"s":{"0":2,"1":2,"2":2,"3":2,"4":2,"5":2,"6":2,"7":2,"8":2,"9":2,"10":2,"11":2,"12":1,"13":2},"f":{"0":1},"b":{}}
,"/home/tereze/repos/senior/an-hour-for-an-hour/server/router.ts": {"path":"/home/tereze/repos/senior/an-hour-for-an-hour/server/router.ts","statementMap":{"0":{"start":{"line":1,"column":0},"end":{"line":1,"column":42}},"1":{"start":{"line":2,"column":0},"end":{"line":2,"column":70}},"2":{"start":{"line":3,"column":0},"end":{"line":3,"column":71}},"3":{"start":{"line":4,"column":0},"end":{"line":4,"column":47}},"4":{"start":{"line":6,"column":23},"end":{"line":6,"column":39}},"5":{"start":{"line":8,"column":0},"end":{"line":8,"column":32}},"6":{"start":{"line":9,"column":0},"end":{"line":9,"column":49}},"7":{"start":{"line":11,"column":0},"end":{"line":11,"column":31}},"8":{"start":{"line":12,"column":0},"end":{"line":12,"column":29}},"9":{"start":{"line":14,"column":0},"end":{"line":14,"column":48}},"10":{"start":{"line":21,"column":0},"end":{"line":21,"column":22}}},"fnMap":{},"branchMap":{},"s":{"0":2,"1":2,"2":2,"3":2,"4":2,"5":2,"6":2,"7":2,"8":2,"9":2,"10":2},"f":{},"b":{}}
,"/home/tereze/repos/senior/an-hour-for-an-hour/server/controllers/offer.controller.ts": {"path":"/home/tereze/repos/senior/an-hour-for-an-hour/server/controllers/offer.controller.ts","statementMap":{"0":{"start":{"line":1,"column":18},"end":{"line":1,"column":44}},"1":{"start":{"line":3,"column":15},"end":{"line":3,"column":32}},"2":{"start":{"line":6,"column":25},"end":{"line":6,"column":53}},"3":{"start":{"line":10,"column":2},"end":{"line":42,"column":null}},"4":{"start":{"line":11,"column":4},"end":{"line":11,"column":47}},"5":{"start":{"line":13,"column":31},"end":{"line":13,"column":77}},"6":{"start":{"line":14,"column":36},"end":{"line":14,"column":38}},"7":{"start":{"line":15,"column":4},"end":{"line":17,"column":null}},"8":{"start":{"line":16,"column":6},"end":{"line":16,"column":46}},"9":{"start":{"line":19,"column":4},"end":{"line":33,"column":null}},"10":{"start":{"line":20,"column":20},"end":{"line":20,"column":28}},"11":{"start":{"line":21,"column":23},"end":{"line":25,"column":8}},"12":{"start":{"line":26,"column":25},"end":{"line":26,"column":46}},"13":{"start":{"line":27,"column":6},"end":{"line":27,"column":22}},"14":{"start":{"line":28,"column":6},"end":{"line":28,"column":27}},"15":{"start":{"line":29,"column":6},"end":{"line":29,"column":56}},"16":{"start":{"line":31,"column":6},"end":{"line":31,"column":22}},"17":{"start":{"line":32,"column":6},"end":{"line":32,"column":null}},"18":{"start":{"line":36,"column":4},"end":{"line":36,"column":20}},"19":{"start":{"line":37,"column":4},"end":{"line":37,"column":23}},"20":{"start":{"line":38,"column":4},"end":{"line":41,"column":7}},"21":{"start":{"line":9,"column":0},"end":{"line":9,"column":7}},"22":{"start":{"line":46,"column":2},"end":{"line":64,"column":null}},"23":{"start":{"line":47,"column":4},"end":{"line":47,"column":46}},"24":{"start":{"line":48,"column":22},"end":{"line":48,"column":42}},"25":{"start":{"line":51,"column":4},"end":{"line":51,"column":20}},"26":{"start":{"line":56,"column":4},"end":{"line":56,"column":24}},"27":{"start":{"line":58,"column":4},"end":{"line":58,"column":20}},"28":{"start":{"line":59,"column":4},"end":{"line":59,"column":25}},"29":{"start":{"line":60,"column":4},"end":{"line":63,"column":7}},"30":{"start":{"line":45,"column":0},"end":{"line":45,"column":7}}},"fnMap":{"0":{"name":"postOffer","decl":{"start":{"line":9,"column":22},"end":{"line":9,"column":31}},"loc":{"start":{"line":9,"column":59},"end":{"line":43,"column":1}}},"1":{"name":"getOffers","decl":{"start":{"line":45,"column":22},"end":{"line":45,"column":31}},"loc":{"start":{"line":45,"column":59},"end":{"line":67,"column":1}}}},"branchMap":{"0":{"loc":{"start":{"line":13,"column":31},"end":{"line":13,"column":77}},"type":"binary-expr","locations":[{"start":{"line":13,"column":31},"end":{"line":13,"column":71}},{"start":{"line":13,"column":75},"end":{"line":13,"column":77}}]},"1":{"loc":{"start":{"line":15,"column":4},"end":{"line":17,"column":null}},"type":"if","locations":[{"start":{"line":15,"column":4},"end":{"line":17,"column":null}}]},"2":{"loc":{"start":{"line":19,"column":4},"end":{"line":33,"column":null}},"type":"if","locations":[{"start":{"line":19,"column":4},"end":{"line":33,"column":null}},{"start":{"line":30,"column":11},"end":{"line":33,"column":null}}]}},"s":{"0":2,"1":2,"2":2,"3":0,"4":0,"5":0,"6":0,"7":0,"8":0,"9":0,"10":0,"11":0,"12":0,"13":0,"14":0,"15":0,"16":0,"17":0,"18":0,"19":0,"20":0,"21":2,"22":0,"23":0,"24":0,"25":0,"26":0,"27":0,"28":0,"29":0,"30":2},"f":{"0":0,"1":0},"b":{"0":[0,0],"1":[0],"2":[0,0]}}
,"/home/tereze/repos/senior/an-hour-for-an-hour/server/controllers/user.controller.ts": {"path":"/home/tereze/repos/senior/an-hour-for-an-hour/server/controllers/user.controller.ts","statementMap":{"0":{"start":{"line":2,"column":0},"end":{"line":2,"column":28}},"1":{"start":{"line":3,"column":0},"end":{"line":3,"column":31}},"2":{"start":{"line":4,"column":0},"end":{"line":4,"column":39}},"3":{"start":{"line":5,"column":0},"end":{"line":5,"column":42}},"4":{"start":{"line":7,"column":27},"end":{"line":7,"column":68}},"5":{"start":{"line":10,"column":30},"end":{"line":10,"column":38}},"6":{"start":{"line":13,"column":2},"end":{"line":37,"column":null}},"7":{"start":{"line":14,"column":17},"end":{"line":14,"column":53}},"8":{"start":{"line":15,"column":4},"end":{"line":17,"column":null}},"9":{"start":{"line":16,"column":6},"end":{"line":16,"column":80}},"10":{"start":{"line":19,"column":4},"end":{"line":19,"column":43}},"11":{"start":{"line":19,"column":25},"end":{"line":19,"column":43}},"12":{"start":{"line":21,"column":17},"end":{"line":21,"column":48}},"13":{"start":{"line":23,"column":20},"end":{"line":29,"column":6}},"14":{"start":{"line":30,"column":19},"end":{"line":30,"column":39}},"15":{"start":{"line":31,"column":24},"end":{"line":31,"column":52}},"16":{"start":{"line":32,"column":4},"end":{"line":32,"column":44}},"17":{"start":{"line":33,"column":4},"end":{"line":33,"column":null}},"18":{"start":{"line":34,"column":4},"end":{"line":34,"column":42}},"19":{"start":{"line":36,"column":4},"end":{"line":36,"column":67}},"20":{"start":{"line":9,"column":0},"end":{"line":9,"column":7}},"21":{"start":{"line":41,"column":2},"end":{"line":53,"column":null}},"22":{"start":{"line":42,"column":32},"end":{"line":42,"column":40}},"23":{"start":{"line":43,"column":17},"end":{"line":43,"column":46}},"24":{"start":{"line":44,"column":25},"end":{"line":44,"column":71}},"25":{"start":{"line":45,"column":4},"end":{"line":45,"column":41}},"26":{"start":{"line":45,"column":23},"end":{"line":45,"column":41}},"27":{"start":{"line":46,"column":24},"end":{"line":46,"column":61}},"28":{"start":{"line":47,"column":4},"end":{"line":47,"column":null}},"29":{"start":{"line":48,"column":4},"end":{"line":48,"column":20}},"30":{"start":{"line":49,"column":4},"end":{"line":49,"column":42}},"31":{"start":{"line":51,"column":4},"end":{"line":51,"column":20}},"32":{"start":{"line":52,"column":4},"end":{"line":52,"column":48}},"33":{"start":{"line":40,"column":0},"end":{"line":40,"column":7}},"34":{"start":{"line":72,"column":2},"end":{"line":81,"column":null}},"35":{"start":{"line":73,"column":17},"end":{"line":73,"column":25}},"36":{"start":{"line":74,"column":4},"end":{"line":76,"column":null}},"37":{"start":{"line":75,"column":6},"end":{"line":75,"column":40}},"38":{"start":{"line":77,"column":58},"end":{"line":77,"column":62}},"39":{"start":{"line":78,"column":4},"end":{"line":78,"column":31}},"40":{"start":{"line":80,"column":4},"end":{"line":80,"column":64}},"41":{"start":{"line":71,"column":0},"end":{"line":71,"column":7}}},"fnMap":{"0":{"name":"create","decl":{"start":{"line":9,"column":22},"end":{"line":9,"column":28}},"loc":{"start":{"line":9,"column":56},"end":{"line":38,"column":1}}},"1":{"name":"login","decl":{"start":{"line":40,"column":22},"end":{"line":40,"column":27}},"loc":{"start":{"line":40,"column":55},"end":{"line":54,"column":1}}},"2":{"name":"profile","decl":{"start":{"line":71,"column":22},"end":{"line":71,"column":29}},"loc":{"start":{"line":71,"column":57},"end":{"line":82,"column":1}}}},"branchMap":{"0":{"loc":{"start":{"line":7,"column":27},"end":{"line":7,"column":68}},"type":"binary-expr","locations":[{"start":{"line":7,"column":27},"end":{"line":7,"column":49}},{"start":{"line":7,"column":53},"end":{"line":7,"column":68}}]},"1":{"loc":{"start":{"line":15,"column":4},"end":{"line":17,"column":null}},"type":"if","locations":[{"start":{"line":15,"column":4},"end":{"line":17,"column":null}}]},"2":{"loc":{"start":{"line":19,"column":4},"end":{"line":19,"column":43}},"type":"if","locations":[{"start":{"line":19,"column":4},"end":{"line":19,"column":43}}]},"3":{"loc":{"start":{"line":45,"column":4},"end":{"line":45,"column":41}},"type":"if","locations":[{"start":{"line":45,"column":4},"end":{"line":45,"column":41}}]},"4":{"loc":{"start":{"line":74,"column":4},"end":{"line":76,"column":null}},"type":"if","locations":[{"start":{"line":74,"column":4},"end":{"line":76,"column":null}}]}},"s":{"0":2,"1":2,"2":2,"3":2,"4":2,"5":0,"6":0,"7":0,"8":0,"9":0,"10":0,"11":0,"12":0,"13":0,"14":0,"15":0,"16":0,"17":0,"18":0,"19":0,"20":2,"21":2,"22":2,"23":2,"24":2,"25":2,"26":0,"27":2,"28":2,"29":2,"30":2,"31":0,"32":0,"33":2,"34":0,"35":0,"36":0,"37":0,"38":0,"39":0,"40":0,"41":2},"f":{"0":0,"1":2,"2":0},"b":{"0":[2,2],"1":[0],"2":[0],"3":[0],"4":[0]}}
,"/home/tereze/repos/senior/an-hour-for-an-hour/server/middleware/auth.ts": {"path":"/home/tereze/repos/senior/an-hour-for-an-hour/server/middleware/auth.ts","statementMap":{"0":{"start":{"line":2,"column":12},"end":{"line":2,"column":35}},"1":{"start":{"line":3,"column":17},"end":{"line":3,"column":43}},"2":{"start":{"line":4,"column":19},"end":{"line":4,"column":60}},"3":{"start":{"line":6,"column":23},"end":{"line":30,"column":1}},"4":{"start":{"line":12,"column":2},"end":{"line":29,"column":null}},"5":{"start":{"line":14,"column":32},"end":{"line":14,"column":78}},"6":{"start":{"line":15,"column":4},"end":{"line":15,"column":49}},"7":{"start":{"line":15,"column":22},"end":{"line":15,"column":49}},"8":{"start":{"line":17,"column":26},"end":{"line":17,"column":51}},"9":{"start":{"line":18,"column":19},"end":{"line":18,"column":48}},"10":{"start":{"line":19,"column":17},"end":{"line":19,"column":79}},"11":{"start":{"line":21,"column":4},"end":{"line":21,"column":42}},"12":{"start":{"line":21,"column":15},"end":{"line":21,"column":42}},"13":{"start":{"line":23,"column":4},"end":{"line":23,"column":20}},"14":{"start":{"line":24,"column":4},"end":{"line":24,"column":11}},"15":{"start":{"line":27,"column":4},"end":{"line":27,"column":23}},"16":{"start":{"line":28,"column":4},"end":{"line":28,"column":24}},"17":{"start":{"line":32,"column":0},"end":{"line":32,"column":30}}},"fnMap":{"0":{"name":"(anonymous_0)","decl":{"start":{"line":6,"column":23},"end":{"line":6,"column":28}},"loc":{"start":{"line":10,"column":4},"end":{"line":30,"column":1}}}},"branchMap":{"0":{"loc":{"start":{"line":4,"column":19},"end":{"line":4,"column":60}},"type":"binary-expr","locations":[{"start":{"line":4,"column":19},"end":{"line":4,"column":41}},{"start":{"line":4,"column":45},"end":{"line":4,"column":60}}]},"1":{"loc":{"start":{"line":14,"column":32},"end":{"line":14,"column":78}},"type":"binary-expr","locations":[{"start":{"line":14,"column":32},"end":{"line":14,"column":72}},{"start":{"line":14,"column":76},"end":{"line":14,"column":78}}]},"2":{"loc":{"start":{"line":15,"column":4},"end":{"line":15,"column":49}},"type":"if","locations":[{"start":{"line":15,"column":4},"end":{"line":15,"column":49}}]},"3":{"loc":{"start":{"line":21,"column":4},"end":{"line":21,"column":42}},"type":"if","locations":[{"start":{"line":21,"column":4},"end":{"line":21,"column":42}}]}},"s":{"0":2,"1":2,"2":2,"3":2,"4":1,"5":1,"6":1,"7":1,"8":0,"9":0,"10":0,"11":0,"12":0,"13":0,"14":0,"15":0,"16":0,"17":2},"f":{"0":1},"b":{"0":[2,2],"1":[1,1],"2":[1],"3":[0]}}
,"/home/tereze/repos/senior/an-hour-for-an-hour/server/models/index.ts": {"path":"/home/tereze/repos/senior/an-hour-for-an-hour/server/models/index.ts","statementMap":{"0":{"start":{"line":1,"column":0},"end":{"line":1,"column":27}},"1":{"start":{"line":3,"column":17},"end":{"line":3,"column":36}},"2":{"start":{"line":4,"column":19},"end":{"line":4,"column":27}},"3":{"start":{"line":6,"column":12},"end":{"line":6,"column":36}},"4":{"start":{"line":9,"column":2},"end":{"line":12,"column":5}},"5":{"start":{"line":15,"column":0},"end":{"line":17,"column":62}},"6":{"start":{"line":16,"column":14},"end":{"line":16,"column":55}},"7":{"start":{"line":17,"column":18},"end":{"line":17,"column":60}},"8":{"start":{"line":19,"column":20},"end":{"line":28,"column":2}},"9":{"start":{"line":30,"column":19},"end":{"line":37,"column":2}},"10":{"start":{"line":39,"column":13},"end":{"line":39,"column":47}},"11":{"start":{"line":42,"column":9},"end":{"line":42,"column":13}},"12":{"start":{"line":40,"column":14},"end":{"line":40,"column":50}},"13":{"start":{"line":42,"column":15},"end":{"line":42,"column":20}}},"fnMap":{"0":{"name":"main","decl":{"start":{"line":8,"column":15},"end":{"line":8,"column":19}},"loc":{"start":{"line":8,"column":19},"end":{"line":13,"column":1}}},"1":{"name":"(anonymous_1)","decl":{"start":{"line":16,"column":8},"end":{"line":16,"column":11}},"loc":{"start":{"line":16,"column":14},"end":{"line":16,"column":55}}},"2":{"name":"(anonymous_2)","decl":{"start":{"line":17,"column":9},"end":{"line":17,"column":10}},"loc":{"start":{"line":17,"column":18},"end":{"line":17,"column":60}}}},"branchMap":{},"s":{"0":2,"1":2,"2":2,"3":2,"4":2,"5":2,"6":2,"7":0,"8":2,"9":2,"10":2,"11":2,"12":2,"13":2},"f":{"0":2,"1":2,"2":0},"b":{}}
,"/home/tereze/repos/senior/an-hour-for-an-hour/server/utils/utils.ts": {"path":"/home/tereze/repos/senior/an-hour-for-an-hour/server/utils/utils.ts","statementMap":{"0":{"start":{"line":2,"column":2},"end":{"line":2,"column":41}},"1":{"start":{"line":1,"column":0},"end":{"line":1,"column":24}}},"fnMap":{"0":{"name":"randomNumber","decl":{"start":{"line":1,"column":24},"end":{"line":1,"column":36}},"loc":{"start":{"line":1,"column":36},"end":{"line":3,"column":1}}}},"branchMap":{},"s":{"0":0,"1":2},"f":{"0":0},"b":{}}
}
