TN:
SF:index.ts
FN:51,(anonymous_1)
FNF:1
FNH:1
FNDA:1,(anonymous_1)
DA:1,2
DA:2,2
DA:3,2
DA:4,2
DA:15,2
DA:16,2
DA:18,2
DA:42,2
DA:45,2
DA:48,2
DA:49,2
DA:51,2
DA:52,1
DA:56,2
LF:14
LH:14
BRF:0
BRH:0
end_of_record
TN:
SF:router.ts
FNF:0
FNH:0
DA:1,2
DA:2,2
DA:3,2
DA:4,2
DA:6,2
DA:8,2
DA:9,2
DA:11,2
DA:12,2
DA:14,2
DA:21,2
LF:11
LH:11
BRF:0
BRH:0
end_of_record
TN:
SF:controllers/offer.controller.ts
FN:9,postOffer
FN:45,getOffers
FNF:2
FNH:0
FNDA:0,postOffer
FNDA:0,getOffers
DA:1,2
DA:3,2
DA:6,2
DA:9,2
DA:10,0
DA:11,0
DA:13,0
DA:14,0
DA:15,0
DA:16,0
DA:19,0
DA:20,0
DA:21,0
DA:26,0
DA:27,0
DA:28,0
DA:29,0
DA:31,0
DA:32,0
DA:36,0
DA:37,0
DA:38,0
DA:45,2
DA:46,0
DA:47,0
DA:48,0
DA:51,0
DA:56,0
DA:58,0
DA:59,0
DA:60,0
LF:31
LH:5
BRDA:13,0,0,0
BRDA:13,0,1,0
BRDA:15,1,0,0
BRDA:19,2,0,0
BRDA:19,2,1,0
BRF:5
BRH:0
end_of_record
TN:
SF:controllers/user.controller.ts
FN:9,create
FN:40,login
FN:71,profile
FNF:3
FNH:1
FNDA:0,create
FNDA:2,login
FNDA:0,profile
DA:2,2
DA:3,2
DA:4,2
DA:5,2
DA:7,2
DA:9,2
DA:10,0
DA:13,0
DA:14,0
DA:15,0
DA:16,0
DA:19,0
DA:21,0
DA:23,0
DA:30,0
DA:31,0
DA:32,0
DA:33,0
DA:34,0
DA:36,0
DA:40,2
DA:41,2
DA:42,2
DA:43,2
DA:44,2
DA:45,2
DA:46,2
DA:47,2
DA:48,2
DA:49,2
DA:51,0
DA:52,0
DA:71,2
DA:72,0
DA:73,0
DA:74,0
DA:75,0
DA:77,0
DA:78,0
DA:80,0
LF:40
LH:17
BRDA:7,0,0,2
BRDA:7,0,1,2
BRDA:15,1,0,0
BRDA:19,2,0,0
BRDA:45,3,0,0
BRDA:74,4,0,0
BRF:6
BRH:2
end_of_record
TN:
SF:middleware/auth.ts
FN:6,(anonymous_0)
FNF:1
FNH:1
FNDA:1,(anonymous_0)
DA:2,2
DA:3,2
DA:4,2
DA:6,2
DA:12,1
DA:14,1
DA:15,1
DA:17,0
DA:18,0
DA:19,0
DA:21,0
DA:23,0
DA:24,0
DA:27,0
DA:28,0
DA:32,2
LF:16
LH:8
BRDA:4,0,0,2
BRDA:4,0,1,2
BRDA:14,1,0,1
BRDA:14,1,1,1
BRDA:15,2,0,1
BRDA:21,3,0,0
BRF:6
BRH:5
end_of_record
TN:
SF:models/index.ts
FN:8,main
FN:16,(anonymous_1)
FN:17,(anonymous_2)
FNF:3
FNH:2
FNDA:2,main
FNDA:2,(anonymous_1)
FNDA:0,(anonymous_2)
DA:1,2
DA:3,2
DA:4,2
DA:6,2
DA:9,2
DA:15,2
DA:16,2
DA:17,0
DA:19,2
DA:30,2
DA:39,2
DA:40,2
DA:42,2
LF:13
LH:12
BRF:0
BRH:0
end_of_record
TN:
SF:utils/utils.ts
FN:1,randomNumber
FNF:1
FNH:0
FNDA:0,randomNumber
DA:1,2
DA:2,0
LF:2
LH:1
BRF:0
BRH:0
end_of_record
